Flow report for drum
Thu Mar 12 21:57:16 2015
Quartus II 64-Bit Version 11.0 Build 157 04/27/2011 SJ Full Version


---------------------
; Table of Contents ;
---------------------
  1. Legal Notice
  2. Flow Summary
  3. Flow Settings
  4. Flow Non-Default Global Settings
  5. Flow Elapsed Time
  6. Flow OS Summary
  7. Flow Log



----------------
; Legal Notice ;
----------------
Copyright (C) 1991-2011 Altera Corporation
Your use of Altera Corporation's design tools, logic functions 
and other software and tools, and its AMPP partner logic 
functions, and any output files from any of the foregoing 
(including device programming or simulation files), and any 
associated documentation or information are expressly subject 
to the terms and conditions of the Altera Program License 
Subscription Agreement, Altera MegaCore Function License 
Agreement, or other applicable license agreement, including, 
without limitation, that your use is for the sole purpose of 
programming logic devices manufactured by Altera and sold by 
Altera or its authorized distributors.  Please refer to the 
applicable agreement for further details.



+--------------------------------------------------------------------------------+
; Flow Summary                                                                   ;
+------------------------------------+-------------------------------------------+
; Flow Status                        ; Successful - Thu Mar 12 21:57:16 2015     ;
; Quartus II 64-Bit Version          ; 11.0 Build 157 04/27/2011 SJ Full Version ;
; Revision Name                      ; drum                                      ;
; Top-level Entity Name              ; drum                                      ;
; Family                             ; Cyclone IV E                              ;
; Device                             ; EP4CE115F29C7                             ;
; Timing Models                      ; Final                                     ;
; Total logic elements               ; 0 / 114,480 ( 0 % )                       ;
;     Total combinational functions  ; 0 / 114,480 ( 0 % )                       ;
;     Dedicated logic registers      ; 0 / 114,480 ( 0 % )                       ;
; Total registers                    ; 0                                         ;
; Total pins                         ; 33 / 529 ( 6 % )                          ;
; Total virtual pins                 ; 0                                         ;
; Total memory bits                  ; 0 / 3,981,312 ( 0 % )                     ;
; Embedded Multiplier 9-bit elements ; 0 / 532 ( 0 % )                           ;
; Total PLLs                         ; 0 / 4 ( 0 % )                             ;
+------------------------------------+-------------------------------------------+


+-----------------------------------------+
; Flow Settings                           ;
+-------------------+---------------------+
; Option            ; Setting             ;
+-------------------+---------------------+
; Start date & time ; 03/12/2015 21:56:46 ;
; Main task         ; Compilation         ;
; Revision Name     ; drum                ;
+-------------------+---------------------+


+-----------------------------------------------------------------------------------------------------------------------------+
; Flow Non-Default Global Settings                                                                                            ;
+--------------------------------------+---------------------------------------+---------------+-------------+----------------+
; Assignment Name                      ; Value                                 ; Default Value ; Entity Name ; Section Id     ;
+--------------------------------------+---------------------------------------+---------------+-------------+----------------+
; COMPILER_SIGNATURE_ID                ; 132683363797205.142621180603148       ; --            ; --          ; --             ;
; EDA_DESIGN_INSTANCE_NAME             ; NA                                    ; --            ; --          ; testbench      ;
; EDA_NATIVELINK_SIMULATION_TEST_BENCH ; testbench                             ; --            ; --          ; eda_simulation ;
; EDA_OUTPUT_DATA_FORMAT               ; Verilog Hdl                           ; --            ; --          ; eda_simulation ;
; EDA_SIMULATION_TOOL                  ; ModelSim-Altera (Verilog)             ; <None>        ; --          ; --             ;
; EDA_TEST_BENCH_ENABLE_STATUS         ; TEST_BENCH_MODE                       ; --            ; --          ; eda_simulation ;
; EDA_TEST_BENCH_FILE                  ; testbench.v                           ; --            ; --          ; testbench      ;
; EDA_TEST_BENCH_MODULE_NAME           ; testbench                             ; --            ; --          ; testbench      ;
; EDA_TEST_BENCH_NAME                  ; testbench                             ; --            ; --          ; eda_simulation ;
; EDA_TIME_SCALE                       ; 1 ns                                  ; --            ; --          ; eda_simulation ;
; IP_TOOL_NAME                         ; RAM: 2-PORT                           ; --            ; --          ; --             ;
; IP_TOOL_VERSION                      ; 11.0                                  ; --            ; --          ; --             ;
; MAX_CORE_JUNCTION_TEMP               ; 85                                    ; --            ; --          ; --             ;
; MIN_CORE_JUNCTION_TEMP               ; 0                                     ; --            ; --          ; --             ;
; MISC_FILE                            ; m9kblock_bb.v                         ; --            ; --          ; --             ;
; PARTITION_COLOR                      ; 16764057                              ; --            ; --          ; Top            ;
; PARTITION_FITTER_PRESERVATION_LEVEL  ; PLACEMENT_AND_ROUTING                 ; --            ; --          ; Top            ;
; PARTITION_NETLIST_TYPE               ; SOURCE                                ; --            ; --          ; Top            ;
; POWER_BOARD_THERMAL_MODEL            ; None (CONSERVATIVE)                   ; --            ; --          ; --             ;
; POWER_PRESET_COOLING_SOLUTION        ; 23 MM HEAT SINK WITH 200 LFPM AIRFLOW ; --            ; --          ; --             ;
+--------------------------------------+---------------------------------------+---------------+-------------+----------------+


+-------------------------------------------------------------------------------------------------------------------------------+
; Flow Elapsed Time                                                                                                             ;
+---------------------------+--------------+-------------------------+---------------------+------------------------------------+
; Module Name               ; Elapsed Time ; Average Processors Used ; Peak Virtual Memory ; Total CPU Time (on all processors) ;
+---------------------------+--------------+-------------------------+---------------------+------------------------------------+
; Analysis & Synthesis      ; 00:00:05     ; 1.0                     ; 351 MB              ; 00:00:03                           ;
; Fitter                    ; 00:00:14     ; 2.5                     ; 680 MB              ; 00:00:19                           ;
; TimeQuest Timing Analyzer ; 00:00:04     ; 1.0                     ; 429 MB              ; 00:00:03                           ;
; Assembler                 ; 00:00:08     ; 1.0                     ; 575 MB              ; 00:00:07                           ;
; EDA Netlist Writer        ; 00:00:01     ; 1.0                     ; 290 MB              ; 00:00:01                           ;
; Total                     ; 00:00:32     ; --                      ; --                  ; 00:00:33                           ;
+---------------------------+--------------+-------------------------+---------------------+------------------------------------+


+----------------------------------------------------------------------------------------+
; Flow OS Summary                                                                        ;
+---------------------------+------------------+-----------+------------+----------------+
; Module Name               ; Machine Hostname ; OS Name   ; OS Version ; Processor type ;
+---------------------------+------------------+-----------+------------+----------------+
; Analysis & Synthesis      ; PH238-22         ; Windows 7 ; 6.1        ; x86_64         ;
; Fitter                    ; PH238-22         ; Windows 7 ; 6.1        ; x86_64         ;
; TimeQuest Timing Analyzer ; PH238-22         ; Windows 7 ; 6.1        ; x86_64         ;
; Assembler                 ; PH238-22         ; Windows 7 ; 6.1        ; x86_64         ;
; EDA Netlist Writer        ; PH238-22         ; Windows 7 ; 6.1        ; x86_64         ;
+---------------------------+------------------+-----------+------------+----------------+


------------
; Flow Log ;
------------
quartus_map --read_settings_files=on --write_settings_files=off drum -c drum
quartus_fit --read_settings_files=off --write_settings_files=off drum -c drum
quartus_sta drum -c drum
quartus_asm --read_settings_files=off --write_settings_files=off drum -c drum
quartus_eda --read_settings_files=off --write_settings_files=off drum -c drum



